  discretelab1(4).cpp
C:\programming\Лаби на C++_C for university\discretelab1(4)\discretelab1(4)\discretelab1(4).cpp(8,9): warning C4566: character represented by universal-character-name '\u043E' cannot be represented in the current code page (1252)
C:\programming\Лаби на C++_C for university\discretelab1(4)\discretelab1(4)\discretelab1(4).cpp(8,9): warning C4566: character represented by universal-character-name '\u0431' cannot be represented in the current code page (1252)
C:\programming\Лаби на C++_C for university\discretelab1(4)\discretelab1(4)\discretelab1(4).cpp(8,9): warning C4566: character represented by universal-character-name '\u0454' cannot be represented in the current code page (1252)
C:\programming\Лаби на C++_C for university\discretelab1(4)\discretelab1(4)\discretelab1(4).cpp(8,9): warning C4566: character represented by universal-character-name '\u0434' cannot be represented in the current code page (1252)
C:\programming\Лаби на C++_C for university\discretelab1(4)\discretelab1(4)\discretelab1(4).cpp(8,9): warning C4566: character represented by universal-character-name '\u043D' cannot be represented in the current code page (1252)
C:\programming\Лаби на C++_C for university\discretelab1(4)\discretelab1(4)\discretelab1(4).cpp(8,9): warning C4566: character represented by universal-character-name '\u0430' cannot be represented in the current code page (1252)
C:\programming\Лаби на C++_C for university\discretelab1(4)\discretelab1(4)\discretelab1(4).cpp(8,9): warning C4566: character represented by universal-character-name '\u044F' cannot be represented in the current code page (1252)
C:\programming\Лаби на C++_C for university\discretelab1(4)\discretelab1(4)\discretelab1(4).cpp(8,9): warning C4566: character represented by universal-character-name '\u043C' cannot be represented in the current code page (1252)
C:\programming\Лаби на C++_C for university\discretelab1(4)\discretelab1(4)\discretelab1(4).cpp(8,9): warning C4566: character represented by universal-character-name '\u0436' cannot be represented in the current code page (1252)
C:\programming\Лаби на C++_C for university\discretelab1(4)\discretelab1(4)\discretelab1(4).cpp(8,9): warning C4566: character represented by universal-character-name '\u0438' cannot be represented in the current code page (1252)
C:\programming\Лаби на C++_C for university\discretelab1(4)\discretelab1(4)\discretelab1(4).cpp(9,9): warning C4566: character represented by universal-character-name '\u043F' cannot be represented in the current code page (1252)
C:\programming\Лаби на C++_C for university\discretelab1(4)\discretelab1(4)\discretelab1(4).cpp(9,9): warning C4566: character represented by universal-character-name '\u0435' cannot be represented in the current code page (1252)
C:\programming\Лаби на C++_C for university\discretelab1(4)\discretelab1(4)\discretelab1(4).cpp(9,9): warning C4566: character represented by universal-character-name '\u0440' cannot be represented in the current code page (1252)
C:\programming\Лаби на C++_C for university\discretelab1(4)\discretelab1(4)\discretelab1(4).cpp(9,9): warning C4566: character represented by universal-character-name '\u0442' cannot be represented in the current code page (1252)
C:\programming\Лаби на C++_C for university\discretelab1(4)\discretelab1(4)\discretelab1(4).cpp(9,9): warning C4566: character represented by universal-character-name '\u0438' cannot be represented in the current code page (1252)
C:\programming\Лаби на C++_C for university\discretelab1(4)\discretelab1(4)\discretelab1(4).cpp(9,9): warning C4566: character represented by universal-character-name '\u043D' cannot be represented in the current code page (1252)
C:\programming\Лаби на C++_C for university\discretelab1(4)\discretelab1(4)\discretelab1(4).cpp(9,9): warning C4566: character represented by universal-character-name '\u043C' cannot be represented in the current code page (1252)
C:\programming\Лаби на C++_C for university\discretelab1(4)\discretelab1(4)\discretelab1(4).cpp(9,9): warning C4566: character represented by universal-character-name '\u043E' cannot be represented in the current code page (1252)
C:\programming\Лаби на C++_C for university\discretelab1(4)\discretelab1(4)\discretelab1(4).cpp(9,9): warning C4566: character represented by universal-character-name '\u0436' cannot be represented in the current code page (1252)
C:\programming\Лаби на C++_C for university\discretelab1(4)\discretelab1(4)\discretelab1(4).cpp(10,9): warning C4566: character represented by universal-character-name '\u0440' cannot be represented in the current code page (1252)
C:\programming\Лаби на C++_C for university\discretelab1(4)\discretelab1(4)\discretelab1(4).cpp(10,9): warning C4566: character represented by universal-character-name '\u0437' cannot be represented in the current code page (1252)
C:\programming\Лаби на C++_C for university\discretelab1(4)\discretelab1(4)\discretelab1(4).cpp(10,9): warning C4566: character represented by universal-character-name '\u043D' cannot be represented in the current code page (1252)
C:\programming\Лаби на C++_C for university\discretelab1(4)\discretelab1(4)\discretelab1(4).cpp(10,9): warning C4566: character represented by universal-character-name '\u0438' cannot be represented in the current code page (1252)
C:\programming\Лаби на C++_C for university\discretelab1(4)\discretelab1(4)\discretelab1(4).cpp(10,9): warning C4566: character represented by universal-character-name '\u0446' cannot be represented in the current code page (1252)
C:\programming\Лаби на C++_C for university\discretelab1(4)\discretelab1(4)\discretelab1(4).cpp(10,9): warning C4566: character represented by universal-character-name '\u044F' cannot be represented in the current code page (1252)
C:\programming\Лаби на C++_C for university\discretelab1(4)\discretelab1(4)\discretelab1(4).cpp(10,9): warning C4566: character represented by universal-character-name '\u043C' cannot be represented in the current code page (1252)
C:\programming\Лаби на C++_C for university\discretelab1(4)\discretelab1(4)\discretelab1(4).cpp(10,9): warning C4566: character represented by universal-character-name '\u043E' cannot be represented in the current code page (1252)
C:\programming\Лаби на C++_C for university\discretelab1(4)\discretelab1(4)\discretelab1(4).cpp(10,9): warning C4566: character represented by universal-character-name '\u0436' cannot be represented in the current code page (1252)
C:\programming\Лаби на C++_C for university\discretelab1(4)\discretelab1(4)\discretelab1(4).cpp(11,9): warning C4566: character represented by universal-character-name '\u0434' cannot be represented in the current code page (1252)
C:\programming\Лаби на C++_C for university\discretelab1(4)\discretelab1(4)\discretelab1(4).cpp(11,9): warning C4566: character represented by universal-character-name '\u0438' cannot be represented in the current code page (1252)
C:\programming\Лаби на C++_C for university\discretelab1(4)\discretelab1(4)\discretelab1(4).cpp(11,9): warning C4566: character represented by universal-character-name '\u0437' cannot be represented in the current code page (1252)
C:\programming\Лаби на C++_C for university\discretelab1(4)\discretelab1(4)\discretelab1(4).cpp(11,9): warning C4566: character represented by universal-character-name '\u044E' cannot be represented in the current code page (1252)
C:\programming\Лаби на C++_C for university\discretelab1(4)\discretelab1(4)\discretelab1(4).cpp(11,9): warning C4566: character represented by universal-character-name '\u043D' cannot be represented in the current code page (1252)
C:\programming\Лаби на C++_C for university\discretelab1(4)\discretelab1(4)\discretelab1(4).cpp(11,9): warning C4566: character represented by universal-character-name '\u043A' cannot be represented in the current code page (1252)
C:\programming\Лаби на C++_C for university\discretelab1(4)\discretelab1(4)\discretelab1(4).cpp(11,9): warning C4566: character represented by universal-character-name '\u0442' cannot be represented in the current code page (1252)
C:\programming\Лаби на C++_C for university\discretelab1(4)\discretelab1(4)\discretelab1(4).cpp(11,9): warning C4566: character represented by universal-character-name '\u0432' cannot be represented in the current code page (1252)
C:\programming\Лаби на C++_C for university\discretelab1(4)\discretelab1(4)\discretelab1(4).cpp(11,9): warning C4566: character represented by universal-character-name '\u0430' cannot be represented in the current code page (1252)
C:\programming\Лаби на C++_C for university\discretelab1(4)\discretelab1(4)\discretelab1(4).cpp(11,9): warning C4566: character represented by universal-character-name '\u0441' cannot be represented in the current code page (1252)
C:\programming\Лаби на C++_C for university\discretelab1(4)\discretelab1(4)\discretelab1(4).cpp(11,9): warning C4566: character represented by universal-character-name '\u0443' cannot be represented in the current code page (1252)
C:\programming\Лаби на C++_C for university\discretelab1(4)\discretelab1(4)\discretelab1(4).cpp(11,9): warning C4566: character represented by universal-character-name '\u043C' cannot be represented in the current code page (1252)
C:\programming\Лаби на C++_C for university\discretelab1(4)\discretelab1(4)\discretelab1(4).cpp(11,9): warning C4566: character represented by universal-character-name '\u043E' cannot be represented in the current code page (1252)
C:\programming\Лаби на C++_C for university\discretelab1(4)\discretelab1(4)\discretelab1(4).cpp(11,9): warning C4566: character represented by universal-character-name '\u0436' cannot be represented in the current code page (1252)
C:\programming\Лаби на C++_C for university\discretelab1(4)\discretelab1(4)\discretelab1(4).cpp(12,9): warning C4566: character represented by universal-character-name '\u0434' cannot be represented in the current code page (1252)
C:\programming\Лаби на C++_C for university\discretelab1(4)\discretelab1(4)\discretelab1(4).cpp(12,9): warning C4566: character represented by universal-character-name '\u043E' cannot be represented in the current code page (1252)
C:\programming\Лаби на C++_C for university\discretelab1(4)\discretelab1(4)\discretelab1(4).cpp(12,9): warning C4566: character represented by universal-character-name '\u043F' cannot be represented in the current code page (1252)
C:\programming\Лаби на C++_C for university\discretelab1(4)\discretelab1(4)\discretelab1(4).cpp(12,9): warning C4566: character represented by universal-character-name '\u0432' cannot be represented in the current code page (1252)
C:\programming\Лаби на C++_C for university\discretelab1(4)\discretelab1(4)\discretelab1(4).cpp(12,9): warning C4566: character represented by universal-character-name '\u043D' cannot be represented in the current code page (1252)
C:\programming\Лаби на C++_C for university\discretelab1(4)\discretelab1(4)\discretelab1(4).cpp(12,9): warning C4566: character represented by universal-character-name '\u0435' cannot be represented in the current code page (1252)
C:\programming\Лаби на C++_C for university\discretelab1(4)\discretelab1(4)\discretelab1(4).cpp(12,9): warning C4566: character represented by universal-character-name '\u044F' cannot be represented in the current code page (1252)
C:\programming\Лаби на C++_C for university\discretelab1(4)\discretelab1(4)\discretelab1(4).cpp(12,9): warning C4566: character represented by universal-character-name '\u043C' cannot be represented in the current code page (1252)
C:\programming\Лаби на C++_C for university\discretelab1(4)\discretelab1(4)\discretelab1(4).cpp(12,9): warning C4566: character represented by universal-character-name '\u0436' cannot be represented in the current code page (1252)
C:\programming\Лаби на C++_C for university\discretelab1(4)\discretelab1(4)\discretelab1(4).cpp(12,9): warning C4566: character represented by universal-character-name '\u0438' cannot be represented in the current code page (1252)
C:\programming\Лаби на C++_C for university\discretelab1(4)\discretelab1(4)\discretelab1(4).cpp(13,9): warning C4566: character represented by universal-character-name '\u0412' cannot be represented in the current code page (1252)
C:\programming\Лаби на C++_C for university\discretelab1(4)\discretelab1(4)\discretelab1(4).cpp(13,9): warning C4566: character represented by universal-character-name '\u0438' cannot be represented in the current code page (1252)
C:\programming\Лаби на C++_C for university\discretelab1(4)\discretelab1(4)\discretelab1(4).cpp(13,9): warning C4566: character represented by universal-character-name '\u0431' cannot be represented in the current code page (1252)
C:\programming\Лаби на C++_C for university\discretelab1(4)\discretelab1(4)\discretelab1(4).cpp(13,9): warning C4566: character represented by universal-character-name '\u0435' cannot be represented in the current code page (1252)
C:\programming\Лаби на C++_C for university\discretelab1(4)\discretelab1(4)\discretelab1(4).cpp(13,9): warning C4566: character represented by universal-character-name '\u0440' cannot be represented in the current code page (1252)
C:\programming\Лаби на C++_C for university\discretelab1(4)\discretelab1(4)\discretelab1(4).cpp(13,9): warning C4566: character represented by universal-character-name '\u0442' cannot be represented in the current code page (1252)
C:\programming\Лаби на C++_C for university\discretelab1(4)\discretelab1(4)\discretelab1(4).cpp(13,9): warning C4566: character represented by universal-character-name '\u044C' cannot be represented in the current code page (1252)
C:\programming\Лаби на C++_C for university\discretelab1(4)\discretelab1(4)\discretelab1(4).cpp(13,9): warning C4566: character represented by universal-character-name '\u0437' cannot be represented in the current code page (1252)
C:\programming\Лаби на C++_C for university\discretelab1(4)\discretelab1(4)\discretelab1(4).cpp(13,9): warning C4566: character represented by universal-character-name '\u0441' cannot be represented in the current code page (1252)
C:\programming\Лаби на C++_C for university\discretelab1(4)\discretelab1(4)\discretelab1(4).cpp(13,9): warning C4566: character represented by universal-character-name '\u043F' cannot be represented in the current code page (1252)
C:\programming\Лаби на C++_C for university\discretelab1(4)\discretelab1(4)\discretelab1(4).cpp(13,9): warning C4566: character represented by universal-character-name '\u043A' cannot be represented in the current code page (1252)
C:\programming\Лаби на C++_C for university\discretelab1(4)\discretelab1(4)\discretelab1(4).cpp(13,9): warning C4566: character represented by universal-character-name '\u0443' cannot be represented in the current code page (1252)
C:\programming\Лаби на C++_C for university\discretelab1(4)\discretelab1(4)\discretelab1(4).cpp(13,9): warning C4566: character represented by universal-character-name '\u043E' cannot be represented in the current code page (1252)
C:\programming\Лаби на C++_C for university\discretelab1(4)\discretelab1(4)\discretelab1(4).cpp(13,9): warning C4566: character represented by universal-character-name '\u0430' cannot be represented in the current code page (1252)
C:\programming\Лаби на C++_C for university\discretelab1(4)\discretelab1(4)\discretelab1(4).cpp(13,9): warning C4566: character represented by universal-character-name '\u0446' cannot be represented in the current code page (1252)
C:\programming\Лаби на C++_C for university\discretelab1(4)\discretelab1(4)\discretelab1(4).cpp(13,9): warning C4566: character represented by universal-character-name '\u044E' cannot be represented in the current code page (1252)
C:\programming\Лаби на C++_C for university\discretelab1(4)\discretelab1(4)\discretelab1(4).cpp(13,9): warning C4566: character represented by universal-character-name '\u043D' cannot be represented in the current code page (1252)
C:\programming\Лаби на C++_C for university\discretelab1(4)\discretelab1(4)\discretelab1(4).cpp(13,9): warning C4566: character represented by universal-character-name '\u0434' cannot be represented in the current code page (1252)
C:\programming\Лаби на C++_C for university\discretelab1(4)\discretelab1(4)\discretelab1(4).cpp(13,9): warning C4566: character represented by universal-character-name '\u043C' cannot be represented in the current code page (1252)
C:\programming\Лаби на C++_C for university\discretelab1(4)\discretelab1(4)\discretelab1(4).cpp(13,9): warning C4566: character represented by universal-character-name '\u0436' cannot be represented in the current code page (1252)
C:\programming\Лаби на C++_C for university\discretelab1(4)\discretelab1(4)\discretelab1(4).cpp(20,10): warning C4566: character represented by universal-character-name '\u0412' cannot be represented in the current code page (1252)
C:\programming\Лаби на C++_C for university\discretelab1(4)\discretelab1(4)\discretelab1(4).cpp(20,10): warning C4566: character represented by universal-character-name '\u0432' cannot be represented in the current code page (1252)
C:\programming\Лаби на C++_C for university\discretelab1(4)\discretelab1(4)\discretelab1(4).cpp(20,10): warning C4566: character represented by universal-character-name '\u0435' cannot be represented in the current code page (1252)
C:\programming\Лаби на C++_C for university\discretelab1(4)\discretelab1(4)\discretelab1(4).cpp(20,10): warning C4566: character represented by universal-character-name '\u0434' cannot be represented in the current code page (1252)
C:\programming\Лаби на C++_C for university\discretelab1(4)\discretelab1(4)\discretelab1(4).cpp(20,10): warning C4566: character represented by universal-character-name '\u0442' cannot be represented in the current code page (1252)
C:\programming\Лаби на C++_C for university\discretelab1(4)\discretelab1(4)\discretelab1(4).cpp(20,10): warning C4566: character represented by universal-character-name '\u044C' cannot be represented in the current code page (1252)
C:\programming\Лаби на C++_C for university\discretelab1(4)\discretelab1(4)\discretelab1(4).cpp(20,10): warning C4566: character represented by universal-character-name '\u0440' cannot be represented in the current code page (1252)
C:\programming\Лаби на C++_C for university\discretelab1(4)\discretelab1(4)\discretelab1(4).cpp(20,10): warning C4566: character represented by universal-character-name '\u043E' cannot be represented in the current code page (1252)
C:\programming\Лаби на C++_C for university\discretelab1(4)\discretelab1(4)\discretelab1(4).cpp(20,10): warning C4566: character represented by universal-character-name '\u0437' cannot be represented in the current code page (1252)
C:\programming\Лаби на C++_C for university\discretelab1(4)\discretelab1(4)\discretelab1(4).cpp(20,10): warning C4566: character represented by universal-character-name '\u043C' cannot be represented in the current code page (1252)
C:\programming\Лаби на C++_C for university\discretelab1(4)\discretelab1(4)\discretelab1(4).cpp(20,10): warning C4566: character represented by universal-character-name '\u043D' cannot be represented in the current code page (1252)
C:\programming\Лаби на C++_C for university\discretelab1(4)\discretelab1(4)\discretelab1(4).cpp(20,10): warning C4566: character represented by universal-character-name '\u0436' cannot be represented in the current code page (1252)
C:\programming\Лаби на C++_C for university\discretelab1(4)\discretelab1(4)\discretelab1(4).cpp(20,10): warning C4566: character represented by universal-character-name '\u0438' cannot be represented in the current code page (1252)
C:\programming\Лаби на C++_C for university\discretelab1(4)\discretelab1(4)\discretelab1(4).cpp(20,10): warning C4566: character represented by universal-character-name '\u0410' cannot be represented in the current code page (1252)
C:\programming\Лаби на C++_C for university\discretelab1(4)\discretelab1(4)\discretelab1(4).cpp(23,21): warning C4018: '<': signed/unsigned mismatch
C:\programming\Лаби на C++_C for university\discretelab1(4)\discretelab1(4)\discretelab1(4).cpp(29,10): warning C4566: character represented by universal-character-name '\u0412' cannot be represented in the current code page (1252)
C:\programming\Лаби на C++_C for university\discretelab1(4)\discretelab1(4)\discretelab1(4).cpp(29,10): warning C4566: character represented by universal-character-name '\u0432' cannot be represented in the current code page (1252)
C:\programming\Лаби на C++_C for university\discretelab1(4)\discretelab1(4)\discretelab1(4).cpp(29,10): warning C4566: character represented by universal-character-name '\u0435' cannot be represented in the current code page (1252)
C:\programming\Лаби на C++_C for university\discretelab1(4)\discretelab1(4)\discretelab1(4).cpp(29,10): warning C4566: character represented by universal-character-name '\u0434' cannot be represented in the current code page (1252)
C:\programming\Лаби на C++_C for university\discretelab1(4)\discretelab1(4)\discretelab1(4).cpp(29,10): warning C4566: character represented by universal-character-name '\u0442' cannot be represented in the current code page (1252)
C:\programming\Лаби на C++_C for university\discretelab1(4)\discretelab1(4)\discretelab1(4).cpp(29,10): warning C4566: character represented by universal-character-name '\u044C' cannot be represented in the current code page (1252)
C:\programming\Лаби на C++_C for university\discretelab1(4)\discretelab1(4)\discretelab1(4).cpp(29,10): warning C4566: character represented by universal-character-name '\u0440' cannot be represented in the current code page (1252)
C:\programming\Лаби на C++_C for university\discretelab1(4)\discretelab1(4)\discretelab1(4).cpp(29,10): warning C4566: character represented by universal-character-name '\u043E' cannot be represented in the current code page (1252)
C:\programming\Лаби на C++_C for university\discretelab1(4)\discretelab1(4)\discretelab1(4).cpp(29,10): warning C4566: character represented by universal-character-name '\u0437' cannot be represented in the current code page (1252)
C:\programming\Лаби на C++_C for university\discretelab1(4)\discretelab1(4)\discretelab1(4).cpp(29,10): warning C4566: character represented by universal-character-name '\u043C' cannot be represented in the current code page (1252)
C:\programming\Лаби на C++_C for university\discretelab1(4)\discretelab1(4)\discretelab1(4).cpp(29,10): warning C4566: character represented by universal-character-name '\u043D' cannot be represented in the current code page (1252)
C:\programming\Лаби на C++_C for university\discretelab1(4)\discretelab1(4)\discretelab1(4).cpp(29,10): warning C4566: character represented by universal-character-name '\u0436' cannot be represented in the current code page (1252)
C:\programming\Лаби на C++_C for university\discretelab1(4)\discretelab1(4)\discretelab1(4).cpp(29,10): warning C4566: character represented by universal-character-name '\u0438' cannot be represented in the current code page (1252)
C:\programming\Лаби на C++_C for university\discretelab1(4)\discretelab1(4)\discretelab1(4).cpp(32,21): warning C4018: '<': signed/unsigned mismatch
C:\programming\Лаби на C++_C for university\discretelab1(4)\discretelab1(4)\discretelab1(4).cpp(38,10): warning C4566: character represented by universal-character-name '\u041E' cannot be represented in the current code page (1252)
C:\programming\Лаби на C++_C for university\discretelab1(4)\discretelab1(4)\discretelab1(4).cpp(38,10): warning C4566: character represented by universal-character-name '\u0431' cannot be represented in the current code page (1252)
C:\programming\Лаби на C++_C for university\discretelab1(4)\discretelab1(4)\discretelab1(4).cpp(38,10): warning C4566: character represented by universal-character-name '\u0454' cannot be represented in the current code page (1252)
C:\programming\Лаби на C++_C for university\discretelab1(4)\discretelab1(4)\discretelab1(4).cpp(38,10): warning C4566: character represented by universal-character-name '\u0434' cannot be represented in the current code page (1252)
C:\programming\Лаби на C++_C for university\discretelab1(4)\discretelab1(4)\discretelab1(4).cpp(38,10): warning C4566: character represented by universal-character-name '\u043D' cannot be represented in the current code page (1252)
C:\programming\Лаби на C++_C for university\discretelab1(4)\discretelab1(4)\discretelab1(4).cpp(38,10): warning C4566: character represented by universal-character-name '\u0430' cannot be represented in the current code page (1252)
C:\programming\Лаби на C++_C for university\discretelab1(4)\discretelab1(4)\discretelab1(4).cpp(38,10): warning C4566: character represented by universal-character-name '\u044F' cannot be represented in the current code page (1252)
C:\programming\Лаби на C++_C for university\discretelab1(4)\discretelab1(4)\discretelab1(4).cpp(38,10): warning C4566: character represented by universal-character-name '\u043C' cannot be represented in the current code page (1252)
C:\programming\Лаби на C++_C for university\discretelab1(4)\discretelab1(4)\discretelab1(4).cpp(38,10): warning C4566: character represented by universal-character-name '\u043E' cannot be represented in the current code page (1252)
C:\programming\Лаби на C++_C for university\discretelab1(4)\discretelab1(4)\discretelab1(4).cpp(38,10): warning C4566: character represented by universal-character-name '\u0436' cannot be represented in the current code page (1252)
C:\programming\Лаби на C++_C for university\discretelab1(4)\discretelab1(4)\discretelab1(4).cpp(38,10): warning C4566: character represented by universal-character-name '\u0438' cannot be represented in the current code page (1252)
C:\programming\Лаби на C++_C for university\discretelab1(4)\discretelab1(4)\discretelab1(4).cpp(38,10): warning C4566: character represented by universal-character-name '\u0410' cannot be represented in the current code page (1252)
C:\programming\Лаби на C++_C for university\discretelab1(4)\discretelab1(4)\discretelab1(4).cpp(38,10): warning C4566: character represented by universal-character-name '\u0412' cannot be represented in the current code page (1252)
C:\programming\Лаби на C++_C for university\discretelab1(4)\discretelab1(4)\discretelab1(4).cpp(39,21): warning C4018: '<': signed/unsigned mismatch
C:\programming\Лаби на C++_C for university\discretelab1(4)\discretelab1(4)\discretelab1(4).cpp(42,21): warning C4018: '<': signed/unsigned mismatch
C:\programming\Лаби на C++_C for university\discretelab1(4)\discretelab1(4)\discretelab1(4).cpp(51,10): warning C4566: character represented by universal-character-name '\u0412' cannot be represented in the current code page (1252)
C:\programming\Лаби на C++_C for university\discretelab1(4)\discretelab1(4)\discretelab1(4).cpp(51,10): warning C4566: character represented by universal-character-name '\u0432' cannot be represented in the current code page (1252)
C:\programming\Лаби на C++_C for university\discretelab1(4)\discretelab1(4)\discretelab1(4).cpp(51,10): warning C4566: character represented by universal-character-name '\u0435' cannot be represented in the current code page (1252)
C:\programming\Лаби на C++_C for university\discretelab1(4)\discretelab1(4)\discretelab1(4).cpp(51,10): warning C4566: character represented by universal-character-name '\u0434' cannot be represented in the current code page (1252)
C:\programming\Лаби на C++_C for university\discretelab1(4)\discretelab1(4)\discretelab1(4).cpp(51,10): warning C4566: character represented by universal-character-name '\u0442' cannot be represented in the current code page (1252)
C:\programming\Лаби на C++_C for university\discretelab1(4)\discretelab1(4)\discretelab1(4).cpp(51,10): warning C4566: character represented by universal-character-name '\u044C' cannot be represented in the current code page (1252)
C:\programming\Лаби на C++_C for university\discretelab1(4)\discretelab1(4)\discretelab1(4).cpp(51,10): warning C4566: character represented by universal-character-name '\u0440' cannot be represented in the current code page (1252)
C:\programming\Лаби на C++_C for university\discretelab1(4)\discretelab1(4)\discretelab1(4).cpp(51,10): warning C4566: character represented by universal-character-name '\u043E' cannot be represented in the current code page (1252)
C:\programming\Лаби на C++_C for university\discretelab1(4)\discretelab1(4)\discretelab1(4).cpp(51,10): warning C4566: character represented by universal-character-name '\u0437' cannot be represented in the current code page (1252)
C:\programming\Лаби на C++_C for university\discretelab1(4)\discretelab1(4)\discretelab1(4).cpp(51,10): warning C4566: character represented by universal-character-name '\u043C' cannot be represented in the current code page (1252)
C:\programming\Лаби на C++_C for university\discretelab1(4)\discretelab1(4)\discretelab1(4).cpp(51,10): warning C4566: character represented by universal-character-name '\u043D' cannot be represented in the current code page (1252)
C:\programming\Лаби на C++_C for university\discretelab1(4)\discretelab1(4)\discretelab1(4).cpp(51,10): warning C4566: character represented by universal-character-name '\u0436' cannot be represented in the current code page (1252)
C:\programming\Лаби на C++_C for university\discretelab1(4)\discretelab1(4)\discretelab1(4).cpp(51,10): warning C4566: character represented by universal-character-name '\u0438' cannot be represented in the current code page (1252)
C:\programming\Лаби на C++_C for university\discretelab1(4)\discretelab1(4)\discretelab1(4).cpp(51,10): warning C4566: character represented by universal-character-name '\u0410' cannot be represented in the current code page (1252)
C:\programming\Лаби на C++_C for university\discretelab1(4)\discretelab1(4)\discretelab1(4).cpp(54,21): warning C4018: '<': signed/unsigned mismatch
C:\programming\Лаби на C++_C for university\discretelab1(4)\discretelab1(4)\discretelab1(4).cpp(60,10): warning C4566: character represented by universal-character-name '\u0412' cannot be represented in the current code page (1252)
C:\programming\Лаби на C++_C for university\discretelab1(4)\discretelab1(4)\discretelab1(4).cpp(60,10): warning C4566: character represented by universal-character-name '\u0432' cannot be represented in the current code page (1252)
C:\programming\Лаби на C++_C for university\discretelab1(4)\discretelab1(4)\discretelab1(4).cpp(60,10): warning C4566: character represented by universal-character-name '\u0435' cannot be represented in the current code page (1252)
C:\programming\Лаби на C++_C for university\discretelab1(4)\discretelab1(4)\discretelab1(4).cpp(60,10): warning C4566: character represented by universal-character-name '\u0434' cannot be represented in the current code page (1252)
C:\programming\Лаби на C++_C for university\discretelab1(4)\discretelab1(4)\discretelab1(4).cpp(60,10): warning C4566: character represented by universal-character-name '\u0442' cannot be represented in the current code page (1252)
C:\programming\Лаби на C++_C for university\discretelab1(4)\discretelab1(4)\discretelab1(4).cpp(60,10): warning C4566: character represented by universal-character-name '\u044C' cannot be represented in the current code page (1252)
C:\programming\Лаби на C++_C for university\discretelab1(4)\discretelab1(4)\discretelab1(4).cpp(60,10): warning C4566: character represented by universal-character-name '\u0440' cannot be represented in the current code page (1252)
C:\programming\Лаби на C++_C for university\discretelab1(4)\discretelab1(4)\discretelab1(4).cpp(60,10): warning C4566: character represented by universal-character-name '\u043E' cannot be represented in the current code page (1252)
C:\programming\Лаби на C++_C for university\discretelab1(4)\discretelab1(4)\discretelab1(4).cpp(60,10): warning C4566: character represented by universal-character-name '\u0437' cannot be represented in the current code page (1252)
C:\programming\Лаби на C++_C for university\discretelab1(4)\discretelab1(4)\discretelab1(4).cpp(60,10): warning C4566: character represented by universal-character-name '\u043C' cannot be represented in the current code page (1252)
C:\programming\Лаби на C++_C for university\discretelab1(4)\discretelab1(4)\discretelab1(4).cpp(60,10): warning C4566: character represented by universal-character-name '\u043D' cannot be represented in the current code page (1252)
C:\programming\Лаби на C++_C for university\discretelab1(4)\discretelab1(4)\discretelab1(4).cpp(60,10): warning C4566: character represented by universal-character-name '\u0436' cannot be represented in the current code page (1252)
C:\programming\Лаби на C++_C for university\discretelab1(4)\discretelab1(4)\discretelab1(4).cpp(60,10): warning C4566: character represented by universal-character-name '\u0438' cannot be represented in the current code page (1252)
C:\programming\Лаби на C++_C for university\discretelab1(4)\discretelab1(4)\discretelab1(4).cpp(63,21): warning C4018: '<': signed/unsigned mismatch
C:\programming\Лаби на C++_C for university\discretelab1(4)\discretelab1(4)\discretelab1(4).cpp(68,10): warning C4566: character represented by universal-character-name '\u041F' cannot be represented in the current code page (1252)
C:\programming\Лаби на C++_C for university\discretelab1(4)\discretelab1(4)\discretelab1(4).cpp(68,10): warning C4566: character represented by universal-character-name '\u0435' cannot be represented in the current code page (1252)
C:\programming\Лаби на C++_C for university\discretelab1(4)\discretelab1(4)\discretelab1(4).cpp(68,10): warning C4566: character represented by universal-character-name '\u0440' cannot be represented in the current code page (1252)
C:\programming\Лаби на C++_C for university\discretelab1(4)\discretelab1(4)\discretelab1(4).cpp(68,10): warning C4566: character represented by universal-character-name '\u0442' cannot be represented in the current code page (1252)
C:\programming\Лаби на C++_C for university\discretelab1(4)\discretelab1(4)\discretelab1(4).cpp(68,10): warning C4566: character represented by universal-character-name '\u0438' cannot be represented in the current code page (1252)
C:\programming\Лаби на C++_C for university\discretelab1(4)\discretelab1(4)\discretelab1(4).cpp(68,10): warning C4566: character represented by universal-character-name '\u043D' cannot be represented in the current code page (1252)
C:\programming\Лаби на C++_C for university\discretelab1(4)\discretelab1(4)\discretelab1(4).cpp(68,10): warning C4566: character represented by universal-character-name '\u043C' cannot be represented in the current code page (1252)
C:\programming\Лаби на C++_C for university\discretelab1(4)\discretelab1(4)\discretelab1(4).cpp(68,10): warning C4566: character represented by universal-character-name '\u043E' cannot be represented in the current code page (1252)
C:\programming\Лаби на C++_C for university\discretelab1(4)\discretelab1(4)\discretelab1(4).cpp(68,10): warning C4566: character represented by universal-character-name '\u0436' cannot be represented in the current code page (1252)
C:\programming\Лаби на C++_C for university\discretelab1(4)\discretelab1(4)\discretelab1(4).cpp(68,10): warning C4566: character represented by universal-character-name '\u0410' cannot be represented in the current code page (1252)
C:\programming\Лаби на C++_C for university\discretelab1(4)\discretelab1(4)\discretelab1(4).cpp(68,10): warning C4566: character represented by universal-character-name '\u0412' cannot be represented in the current code page (1252)
C:\programming\Лаби на C++_C for university\discretelab1(4)\discretelab1(4)\discretelab1(4).cpp(69,21): warning C4018: '<': signed/unsigned mismatch
C:\programming\Лаби на C++_C for university\discretelab1(4)\discretelab1(4)\discretelab1(4).cpp(70,22): warning C4018: '<': signed/unsigned mismatch
C:\programming\Лаби на C++_C for university\discretelab1(4)\discretelab1(4)\discretelab1(4).cpp(83,10): warning C4566: character represented by universal-character-name '\u0412' cannot be represented in the current code page (1252)
C:\programming\Лаби на C++_C for university\discretelab1(4)\discretelab1(4)\discretelab1(4).cpp(83,10): warning C4566: character represented by universal-character-name '\u0432' cannot be represented in the current code page (1252)
C:\programming\Лаби на C++_C for university\discretelab1(4)\discretelab1(4)\discretelab1(4).cpp(83,10): warning C4566: character represented by universal-character-name '\u0435' cannot be represented in the current code page (1252)
C:\programming\Лаби на C++_C for university\discretelab1(4)\discretelab1(4)\discretelab1(4).cpp(83,10): warning C4566: character represented by universal-character-name '\u0434' cannot be represented in the current code page (1252)
C:\programming\Лаби на C++_C for university\discretelab1(4)\discretelab1(4)\discretelab1(4).cpp(83,10): warning C4566: character represented by universal-character-name '\u0442' cannot be represented in the current code page (1252)
C:\programming\Лаби на C++_C for university\discretelab1(4)\discretelab1(4)\discretelab1(4).cpp(83,10): warning C4566: character represented by universal-character-name '\u044C' cannot be represented in the current code page (1252)
C:\programming\Лаби на C++_C for university\discretelab1(4)\discretelab1(4)\discretelab1(4).cpp(83,10): warning C4566: character represented by universal-character-name '\u0440' cannot be represented in the current code page (1252)
C:\programming\Лаби на C++_C for university\discretelab1(4)\discretelab1(4)\discretelab1(4).cpp(83,10): warning C4566: character represented by universal-character-name '\u043E' cannot be represented in the current code page (1252)
C:\programming\Лаби на C++_C for university\discretelab1(4)\discretelab1(4)\discretelab1(4).cpp(83,10): warning C4566: character represented by universal-character-name '\u0437' cannot be represented in the current code page (1252)
C:\programming\Лаби на C++_C for university\discretelab1(4)\discretelab1(4)\discretelab1(4).cpp(83,10): warning C4566: character represented by universal-character-name '\u043C' cannot be represented in the current code page (1252)
C:\programming\Лаби на C++_C for university\discretelab1(4)\discretelab1(4)\discretelab1(4).cpp(83,10): warning C4566: character represented by universal-character-name '\u043D' cannot be represented in the current code page (1252)
C:\programming\Лаби на C++_C for university\discretelab1(4)\discretelab1(4)\discretelab1(4).cpp(83,10): warning C4566: character represented by universal-character-name '\u0436' cannot be represented in the current code page (1252)
C:\programming\Лаби на C++_C for university\discretelab1(4)\discretelab1(4)\discretelab1(4).cpp(83,10): warning C4566: character represented by universal-character-name '\u0438' cannot be represented in the current code page (1252)
C:\programming\Лаби на C++_C for university\discretelab1(4)\discretelab1(4)\discretelab1(4).cpp(83,10): warning C4566: character represented by universal-character-name '\u0410' cannot be represented in the current code page (1252)
C:\programming\Лаби на C++_C for university\discretelab1(4)\discretelab1(4)\discretelab1(4).cpp(86,21): warning C4018: '<': signed/unsigned mismatch
C:\programming\Лаби на C++_C for university\discretelab1(4)\discretelab1(4)\discretelab1(4).cpp(92,10): warning C4566: character represented by universal-character-name '\u0412' cannot be represented in the current code page (1252)
C:\programming\Лаби на C++_C for university\discretelab1(4)\discretelab1(4)\discretelab1(4).cpp(92,10): warning C4566: character represented by universal-character-name '\u0432' cannot be represented in the current code page (1252)
C:\programming\Лаби на C++_C for university\discretelab1(4)\discretelab1(4)\discretelab1(4).cpp(92,10): warning C4566: character represented by universal-character-name '\u0435' cannot be represented in the current code page (1252)
C:\programming\Лаби на C++_C for university\discretelab1(4)\discretelab1(4)\discretelab1(4).cpp(92,10): warning C4566: character represented by universal-character-name '\u0434' cannot be represented in the current code page (1252)
C:\programming\Лаби на C++_C for university\discretelab1(4)\discretelab1(4)\discretelab1(4).cpp(92,10): warning C4566: character represented by universal-character-name '\u0442' cannot be represented in the current code page (1252)
C:\programming\Лаби на C++_C for university\discretelab1(4)\discretelab1(4)\discretelab1(4).cpp(92,10): warning C4566: character represented by universal-character-name '\u044C' cannot be represented in the current code page (1252)
C:\programming\Лаби на C++_C for university\discretelab1(4)\discretelab1(4)\discretelab1(4).cpp(92,10): warning C4566: character represented by universal-character-name '\u0440' cannot be represented in the current code page (1252)
C:\programming\Лаби на C++_C for university\discretelab1(4)\discretelab1(4)\discretelab1(4).cpp(92,10): warning C4566: character represented by universal-character-name '\u043E' cannot be represented in the current code page (1252)
C:\programming\Лаби на C++_C for university\discretelab1(4)\discretelab1(4)\discretelab1(4).cpp(92,10): warning C4566: character represented by universal-character-name '\u0437' cannot be represented in the current code page (1252)
C:\programming\Лаби на C++_C for university\discretelab1(4)\discretelab1(4)\discretelab1(4).cpp(92,10): warning C4566: character represented by universal-character-name '\u043C' cannot be represented in the current code page (1252)
C:\programming\Лаби на C++_C for university\discretelab1(4)\discretelab1(4)\discretelab1(4).cpp(92,10): warning C4566: character represented by universal-character-name '\u043D' cannot be represented in the current code page (1252)
C:\programming\Лаби на C++_C for university\discretelab1(4)\discretelab1(4)\discretelab1(4).cpp(92,10): warning C4566: character represented by universal-character-name '\u0436' cannot be represented in the current code page (1252)
C:\programming\Лаби на C++_C for university\discretelab1(4)\discretelab1(4)\discretelab1(4).cpp(92,10): warning C4566: character represented by universal-character-name '\u0438' cannot be represented in the current code page (1252)
C:\programming\Лаби на C++_C for university\discretelab1(4)\discretelab1(4)\discretelab1(4).cpp(96,21): warning C4018: '<': signed/unsigned mismatch
C:\programming\Лаби на C++_C for university\discretelab1(4)\discretelab1(4)\discretelab1(4).cpp(101,10): warning C4566: character represented by universal-character-name '\u0420' cannot be represented in the current code page (1252)
C:\programming\Лаби на C++_C for university\discretelab1(4)\discretelab1(4)\discretelab1(4).cpp(101,10): warning C4566: character represented by universal-character-name '\u0437' cannot be represented in the current code page (1252)
C:\programming\Лаби на C++_C for university\discretelab1(4)\discretelab1(4)\discretelab1(4).cpp(101,10): warning C4566: character represented by universal-character-name '\u043D' cannot be represented in the current code page (1252)
C:\programming\Лаби на C++_C for university\discretelab1(4)\discretelab1(4)\discretelab1(4).cpp(101,10): warning C4566: character represented by universal-character-name '\u0438' cannot be represented in the current code page (1252)
C:\programming\Лаби на C++_C for university\discretelab1(4)\discretelab1(4)\discretelab1(4).cpp(101,10): warning C4566: character represented by universal-character-name '\u0446' cannot be represented in the current code page (1252)
C:\programming\Лаби на C++_C for university\discretelab1(4)\discretelab1(4)\discretelab1(4).cpp(101,10): warning C4566: character represented by universal-character-name '\u044F' cannot be represented in the current code page (1252)
C:\programming\Лаби на C++_C for university\discretelab1(4)\discretelab1(4)\discretelab1(4).cpp(101,10): warning C4566: character represented by universal-character-name '\u043C' cannot be represented in the current code page (1252)
C:\programming\Лаби на C++_C for university\discretelab1(4)\discretelab1(4)\discretelab1(4).cpp(101,10): warning C4566: character represented by universal-character-name '\u043E' cannot be represented in the current code page (1252)
C:\programming\Лаби на C++_C for university\discretelab1(4)\discretelab1(4)\discretelab1(4).cpp(101,10): warning C4566: character represented by universal-character-name '\u0436' cannot be represented in the current code page (1252)
C:\programming\Лаби на C++_C for university\discretelab1(4)\discretelab1(4)\discretelab1(4).cpp(102,21): warning C4018: '<': signed/unsigned mismatch
C:\programming\Лаби на C++_C for university\discretelab1(4)\discretelab1(4)\discretelab1(4).cpp(104,13): warning C4018: '<': signed/unsigned mismatch
C:\programming\Лаби на C++_C for university\discretelab1(4)\discretelab1(4)\discretelab1(4).cpp(117,10): warning C4566: character represented by universal-character-name '\u0412' cannot be represented in the current code page (1252)
C:\programming\Лаби на C++_C for university\discretelab1(4)\discretelab1(4)\discretelab1(4).cpp(117,10): warning C4566: character represented by universal-character-name '\u0432' cannot be represented in the current code page (1252)
C:\programming\Лаби на C++_C for university\discretelab1(4)\discretelab1(4)\discretelab1(4).cpp(117,10): warning C4566: character represented by universal-character-name '\u0435' cannot be represented in the current code page (1252)
C:\programming\Лаби на C++_C for university\discretelab1(4)\discretelab1(4)\discretelab1(4).cpp(117,10): warning C4566: character represented by universal-character-name '\u0434' cannot be represented in the current code page (1252)
C:\programming\Лаби на C++_C for university\discretelab1(4)\discretelab1(4)\discretelab1(4).cpp(117,10): warning C4566: character represented by universal-character-name '\u0442' cannot be represented in the current code page (1252)
C:\programming\Лаби на C++_C for university\discretelab1(4)\discretelab1(4)\discretelab1(4).cpp(117,10): warning C4566: character represented by universal-character-name '\u044C' cannot be represented in the current code page (1252)
C:\programming\Лаби на C++_C for university\discretelab1(4)\discretelab1(4)\discretelab1(4).cpp(117,10): warning C4566: character represented by universal-character-name '\u0440' cannot be represented in the current code page (1252)
C:\programming\Лаби на C++_C for university\discretelab1(4)\discretelab1(4)\discretelab1(4).cpp(117,10): warning C4566: character represented by universal-character-name '\u043E' cannot be represented in the current code page (1252)
C:\programming\Лаби на C++_C for university\discretelab1(4)\discretelab1(4)\discretelab1(4).cpp(117,10): warning C4566: character represented by universal-character-name '\u0437' cannot be represented in the current code page (1252)
C:\programming\Лаби на C++_C for university\discretelab1(4)\discretelab1(4)\discretelab1(4).cpp(117,10): warning C4566: character represented by universal-character-name '\u043C' cannot be represented in the current code page (1252)
C:\programming\Лаби на C++_C for university\discretelab1(4)\discretelab1(4)\discretelab1(4).cpp(117,10): warning C4566: character represented by universal-character-name '\u043D' cannot be represented in the current code page (1252)
C:\programming\Лаби на C++_C for university\discretelab1(4)\discretelab1(4)\discretelab1(4).cpp(117,10): warning C4566: character represented by universal-character-name '\u0436' cannot be represented in the current code page (1252)
C:\programming\Лаби на C++_C for university\discretelab1(4)\discretelab1(4)\discretelab1(4).cpp(117,10): warning C4566: character represented by universal-character-name '\u0438' cannot be represented in the current code page (1252)
C:\programming\Лаби на C++_C for university\discretelab1(4)\discretelab1(4)\discretelab1(4).cpp(117,10): warning C4566: character represented by universal-character-name '\u0410' cannot be represented in the current code page (1252)
C:\programming\Лаби на C++_C for university\discretelab1(4)\discretelab1(4)\discretelab1(4).cpp(120,21): warning C4018: '<': signed/unsigned mismatch
C:\programming\Лаби на C++_C for university\discretelab1(4)\discretelab1(4)\discretelab1(4).cpp(126,10): warning C4566: character represented by universal-character-name '\u0412' cannot be represented in the current code page (1252)
C:\programming\Лаби на C++_C for university\discretelab1(4)\discretelab1(4)\discretelab1(4).cpp(126,10): warning C4566: character represented by universal-character-name '\u0432' cannot be represented in the current code page (1252)
C:\programming\Лаби на C++_C for university\discretelab1(4)\discretelab1(4)\discretelab1(4).cpp(126,10): warning C4566: character represented by universal-character-name '\u0435' cannot be represented in the current code page (1252)
C:\programming\Лаби на C++_C for university\discretelab1(4)\discretelab1(4)\discretelab1(4).cpp(126,10): warning C4566: character represented by universal-character-name '\u0434' cannot be represented in the current code page (1252)
C:\programming\Лаби на C++_C for university\discretelab1(4)\discretelab1(4)\discretelab1(4).cpp(126,10): warning C4566: character represented by universal-character-name '\u0442' cannot be represented in the current code page (1252)
C:\programming\Лаби на C++_C for university\discretelab1(4)\discretelab1(4)\discretelab1(4).cpp(126,10): warning C4566: character represented by universal-character-name '\u044C' cannot be represented in the current code page (1252)
C:\programming\Лаби на C++_C for university\discretelab1(4)\discretelab1(4)\discretelab1(4).cpp(126,10): warning C4566: character represented by universal-character-name '\u0440' cannot be represented in the current code page (1252)
C:\programming\Лаби на C++_C for university\discretelab1(4)\discretelab1(4)\discretelab1(4).cpp(126,10): warning C4566: character represented by universal-character-name '\u043E' cannot be represented in the current code page (1252)
C:\programming\Лаби на C++_C for university\discretelab1(4)\discretelab1(4)\discretelab1(4).cpp(126,10): warning C4566: character represented by universal-character-name '\u0437' cannot be represented in the current code page (1252)
C:\programming\Лаби на C++_C for university\discretelab1(4)\discretelab1(4)\discretelab1(4).cpp(126,10): warning C4566: character represented by universal-character-name '\u043C' cannot be represented in the current code page (1252)
C:\programming\Лаби на C++_C for university\discretelab1(4)\discretelab1(4)\discretelab1(4).cpp(126,10): warning C4566: character represented by universal-character-name '\u043D' cannot be represented in the current code page (1252)
C:\programming\Лаби на C++_C for university\discretelab1(4)\discretelab1(4)\discretelab1(4).cpp(126,10): warning C4566: character represented by universal-character-name '\u0436' cannot be represented in the current code page (1252)
C:\programming\Лаби на C++_C for university\discretelab1(4)\discretelab1(4)\discretelab1(4).cpp(126,10): warning C4566: character represented by universal-character-name '\u0438' cannot be represented in the current code page (1252)
C:\programming\Лаби на C++_C for university\discretelab1(4)\discretelab1(4)\discretelab1(4).cpp(129,21): warning C4018: '<': signed/unsigned mismatch
C:\programming\Лаби на C++_C for university\discretelab1(4)\discretelab1(4)\discretelab1(4).cpp(135,10): warning C4566: character represented by universal-character-name '\u0414' cannot be represented in the current code page (1252)
C:\programming\Лаби на C++_C for university\discretelab1(4)\discretelab1(4)\discretelab1(4).cpp(135,10): warning C4566: character represented by universal-character-name '\u0438' cannot be represented in the current code page (1252)
C:\programming\Лаби на C++_C for university\discretelab1(4)\discretelab1(4)\discretelab1(4).cpp(135,10): warning C4566: character represented by universal-character-name '\u0437' cannot be represented in the current code page (1252)
C:\programming\Лаби на C++_C for university\discretelab1(4)\discretelab1(4)\discretelab1(4).cpp(135,10): warning C4566: character represented by universal-character-name '\u044E' cannot be represented in the current code page (1252)
C:\programming\Лаби на C++_C for university\discretelab1(4)\discretelab1(4)\discretelab1(4).cpp(135,10): warning C4566: character represented by universal-character-name '\u043D' cannot be represented in the current code page (1252)
C:\programming\Лаби на C++_C for university\discretelab1(4)\discretelab1(4)\discretelab1(4).cpp(135,10): warning C4566: character represented by universal-character-name '\u043A' cannot be represented in the current code page (1252)
C:\programming\Лаби на C++_C for university\discretelab1(4)\discretelab1(4)\discretelab1(4).cpp(135,10): warning C4566: character represented by universal-character-name '\u0442' cannot be represented in the current code page (1252)
C:\programming\Лаби на C++_C for university\discretelab1(4)\discretelab1(4)\discretelab1(4).cpp(135,10): warning C4566: character represented by universal-character-name '\u0432' cannot be represented in the current code page (1252)
C:\programming\Лаби на C++_C for university\discretelab1(4)\discretelab1(4)\discretelab1(4).cpp(135,10): warning C4566: character represented by universal-character-name '\u0430' cannot be represented in the current code page (1252)
C:\programming\Лаби на C++_C for university\discretelab1(4)\discretelab1(4)\discretelab1(4).cpp(135,10): warning C4566: character represented by universal-character-name '\u0441' cannot be represented in the current code page (1252)
C:\programming\Лаби на C++_C for university\discretelab1(4)\discretelab1(4)\discretelab1(4).cpp(135,10): warning C4566: character represented by universal-character-name '\u0443' cannot be represented in the current code page (1252)
C:\programming\Лаби на C++_C for university\discretelab1(4)\discretelab1(4)\discretelab1(4).cpp(135,10): warning C4566: character represented by universal-character-name '\u043C' cannot be represented in the current code page (1252)
C:\programming\Лаби на C++_C for university\discretelab1(4)\discretelab1(4)\discretelab1(4).cpp(135,10): warning C4566: character represented by universal-character-name '\u043E' cannot be represented in the current code page (1252)
C:\programming\Лаби на C++_C for university\discretelab1(4)\discretelab1(4)\discretelab1(4).cpp(135,10): warning C4566: character represented by universal-character-name '\u0436' cannot be represented in the current code page (1252)
C:\programming\Лаби на C++_C for university\discretelab1(4)\discretelab1(4)\discretelab1(4).cpp(135,10): warning C4566: character represented by universal-character-name '\u0410' cannot be represented in the current code page (1252)
C:\programming\Лаби на C++_C for university\discretelab1(4)\discretelab1(4)\discretelab1(4).cpp(138,22): warning C4018: '<': signed/unsigned mismatch
C:\programming\Лаби на C++_C for university\discretelab1(4)\discretelab1(4)\discretelab1(4).cpp(140,14): warning C4018: '<': signed/unsigned mismatch
C:\programming\Лаби на C++_C for university\discretelab1(4)\discretelab1(4)\discretelab1(4).cpp(148,22): warning C4018: '<': signed/unsigned mismatch
C:\programming\Лаби на C++_C for university\discretelab1(4)\discretelab1(4)\discretelab1(4).cpp(150,14): warning C4018: '<': signed/unsigned mismatch
C:\programming\Лаби на C++_C for university\discretelab1(4)\discretelab1(4)\discretelab1(4).cpp(165,10): warning C4566: character represented by universal-character-name '\u0412' cannot be represented in the current code page (1252)
C:\programming\Лаби на C++_C for university\discretelab1(4)\discretelab1(4)\discretelab1(4).cpp(165,10): warning C4566: character represented by universal-character-name '\u0432' cannot be represented in the current code page (1252)
C:\programming\Лаби на C++_C for university\discretelab1(4)\discretelab1(4)\discretelab1(4).cpp(165,10): warning C4566: character represented by universal-character-name '\u0435' cannot be represented in the current code page (1252)
C:\programming\Лаби на C++_C for university\discretelab1(4)\discretelab1(4)\discretelab1(4).cpp(165,10): warning C4566: character represented by universal-character-name '\u0434' cannot be represented in the current code page (1252)
C:\programming\Лаби на C++_C for university\discretelab1(4)\discretelab1(4)\discretelab1(4).cpp(165,10): warning C4566: character represented by universal-character-name '\u0442' cannot be represented in the current code page (1252)
C:\programming\Лаби на C++_C for university\discretelab1(4)\discretelab1(4)\discretelab1(4).cpp(165,10): warning C4566: character represented by universal-character-name '\u044C' cannot be represented in the current code page (1252)
C:\programming\Лаби на C++_C for university\discretelab1(4)\discretelab1(4)\discretelab1(4).cpp(165,10): warning C4566: character represented by universal-character-name '\u0440' cannot be represented in the current code page (1252)
C:\programming\Лаби на C++_C for university\discretelab1(4)\discretelab1(4)\discretelab1(4).cpp(165,10): warning C4566: character represented by universal-character-name '\u043E' cannot be represented in the current code page (1252)
C:\programming\Лаби на C++_C for university\discretelab1(4)\discretelab1(4)\discretelab1(4).cpp(165,10): warning C4566: character represented by universal-character-name '\u0437' cannot be represented in the current code page (1252)
C:\programming\Лаби на C++_C for university\discretelab1(4)\discretelab1(4)\discretelab1(4).cpp(165,10): warning C4566: character represented by universal-character-name '\u043C' cannot be represented in the current code page (1252)
C:\programming\Лаби на C++_C for university\discretelab1(4)\discretelab1(4)\discretelab1(4).cpp(165,10): warning C4566: character represented by universal-character-name '\u043D' cannot be represented in the current code page (1252)
C:\programming\Лаби на C++_C for university\discretelab1(4)\discretelab1(4)\discretelab1(4).cpp(165,10): warning C4566: character represented by universal-character-name '\u0436' cannot be represented in the current code page (1252)
C:\programming\Лаби на C++_C for university\discretelab1(4)\discretelab1(4)\discretelab1(4).cpp(165,10): warning C4566: character represented by universal-character-name '\u0438' cannot be represented in the current code page (1252)
C:\programming\Лаби на C++_C for university\discretelab1(4)\discretelab1(4)\discretelab1(4).cpp(165,10): warning C4566: character represented by universal-character-name '\u0410' cannot be represented in the current code page (1252)
C:\programming\Лаби на C++_C for university\discretelab1(4)\discretelab1(4)\discretelab1(4).cpp(168,21): warning C4018: '<': signed/unsigned mismatch
C:\programming\Лаби на C++_C for university\discretelab1(4)\discretelab1(4)\discretelab1(4).cpp(173,10): warning C4566: character represented by universal-character-name '\u0414' cannot be represented in the current code page (1252)
C:\programming\Лаби на C++_C for university\discretelab1(4)\discretelab1(4)\discretelab1(4).cpp(173,10): warning C4566: character represented by universal-character-name '\u043E' cannot be represented in the current code page (1252)
C:\programming\Лаби на C++_C for university\discretelab1(4)\discretelab1(4)\discretelab1(4).cpp(173,10): warning C4566: character represented by universal-character-name '\u043F' cannot be represented in the current code page (1252)
C:\programming\Лаби на C++_C for university\discretelab1(4)\discretelab1(4)\discretelab1(4).cpp(173,10): warning C4566: character represented by universal-character-name '\u0432' cannot be represented in the current code page (1252)
C:\programming\Лаби на C++_C for university\discretelab1(4)\discretelab1(4)\discretelab1(4).cpp(173,10): warning C4566: character represented by universal-character-name '\u043D' cannot be represented in the current code page (1252)
C:\programming\Лаби на C++_C for university\discretelab1(4)\discretelab1(4)\discretelab1(4).cpp(173,10): warning C4566: character represented by universal-character-name '\u0435' cannot be represented in the current code page (1252)
C:\programming\Лаби на C++_C for university\discretelab1(4)\discretelab1(4)\discretelab1(4).cpp(173,10): warning C4566: character represented by universal-character-name '\u044F' cannot be represented in the current code page (1252)
C:\programming\Лаби на C++_C for university\discretelab1(4)\discretelab1(4)\discretelab1(4).cpp(173,10): warning C4566: character represented by universal-character-name '\u043C' cannot be represented in the current code page (1252)
C:\programming\Лаби на C++_C for university\discretelab1(4)\discretelab1(4)\discretelab1(4).cpp(173,10): warning C4566: character represented by universal-character-name '\u0436' cannot be represented in the current code page (1252)
C:\programming\Лаби на C++_C for university\discretelab1(4)\discretelab1(4)\discretelab1(4).cpp(173,10): warning C4566: character represented by universal-character-name '\u0438' cannot be represented in the current code page (1252)
C:\programming\Лаби на C++_C for university\discretelab1(4)\discretelab1(4)\discretelab1(4).cpp(173,10): warning C4566: character represented by universal-character-name '\u0410' cannot be represented in the current code page (1252)
C:\programming\Лаби на C++_C for university\discretelab1(4)\discretelab1(4)\discretelab1(4).cpp(173,10): warning C4566: character represented by universal-character-name '\u0431' cannot be represented in the current code page (1252)
C:\programming\Лаби на C++_C for university\discretelab1(4)\discretelab1(4)\discretelab1(4).cpp(173,10): warning C4566: character represented by universal-character-name '\u0443' cannot be represented in the current code page (1252)
C:\programming\Лаби на C++_C for university\discretelab1(4)\discretelab1(4)\discretelab1(4).cpp(173,10): warning C4566: character represented by universal-character-name '\u0434' cannot be represented in the current code page (1252)
C:\programming\Лаби на C++_C for university\discretelab1(4)\discretelab1(4)\discretelab1(4).cpp(173,10): warning C4566: character represented by universal-character-name '\u044C' cannot be represented in the current code page (1252)
C:\programming\Лаби на C++_C for university\discretelab1(4)\discretelab1(4)\discretelab1(4).cpp(173,10): warning C4566: character represented by universal-character-name '\u043A' cannot be represented in the current code page (1252)
C:\programming\Лаби на C++_C for university\discretelab1(4)\discretelab1(4)\discretelab1(4).cpp(173,10): warning C4566: character represented by universal-character-name '\u0447' cannot be represented in the current code page (1252)
C:\programming\Лаби на C++_C for university\discretelab1(4)\discretelab1(4)\discretelab1(4).cpp(173,10): warning C4566: character represented by universal-character-name '\u0441' cannot be represented in the current code page (1252)
C:\programming\Лаби на C++_C for university\discretelab1(4)\discretelab1(4)\discretelab1(4).cpp(173,10): warning C4566: character represented by universal-character-name '\u043B' cannot be represented in the current code page (1252)
C:\programming\Лаби на C++_C for university\discretelab1(4)\discretelab1(4)\discretelab1(4).cpp(173,10): warning C4566: character represented by universal-character-name '\u0440' cannot be represented in the current code page (1252)
C:\programming\Лаби на C++_C for university\discretelab1(4)\discretelab1(4)\discretelab1(4).cpp(173,10): warning C4566: character represented by universal-character-name '\u0437' cannot be represented in the current code page (1252)
C:\programming\Лаби на C++_C for university\discretelab1(4)\discretelab1(4)\discretelab1(4).cpp(173,10): warning C4566: character represented by universal-character-name '\u0430' cannot be represented in the current code page (1252)
C:\programming\Лаби на C++_C for university\discretelab1(4)\discretelab1(4)\discretelab1(4).cpp(173,10): warning C4566: character represented by universal-character-name '\u0442' cannot be represented in the current code page (1252)
C:\programming\Лаби на C++_C for university\discretelab1(4)\discretelab1(4)\discretelab1(4).cpp(174,21): warning C4018: '<': signed/unsigned mismatch
  discretelab1(4).vcxproj -> C:\programming\Лаби на C++_C for university\discretelab1(4)\Debug\discretelab1(4).exe
